<?xml version="1.0" encoding="UTF-8"?>
<testsuite xmlns:xsi="http://www.w3.org/2001/XMLSchema-instance" xsi:noNamespaceSchemaLocation="https://maven.apache.org/surefire/maven-surefire-plugin/xsd/surefire-test-report.xsd" name="no.ntnu.AppTest" time="0.016" tests="1" errors="0" skipped="0" failures="0">
  <properties>
    <property name="java.specification.version" value="14"/>
    <property name="sun.jnu.encoding" value="UTF-8"/>
    <property name="java.class.path" value="/home/trygve/Development/projects/Run-on-server/Docker_manager/target/test-classes:/home/trygve/Development/projects/Run-on-server/Docker_manager/target/classes:/home/trygve/.m2/repository/junit/junit/4.11/junit-4.11.jar:/home/trygve/.m2/repository/org/hamcrest/hamcrest-core/1.3/hamcrest-core-1.3.jar:/home/trygve/.m2/repository/org/postgresql/postgresql/42.2.14/postgresql-42.2.14.jar:/home/trygve/.m2/repository/org/example/ClientRunner/1.0-SNAPSHOT/ClientRunner-1.0-SNAPSHOT.jar:/home/trygve/.m2/repository/org/json/json/20160212/json-20160212.jar:/home/trygve/.m2/repository/org/apache/httpcomponents/client5/httpclient5/5.0.1/httpclient5-5.0.1.jar:/home/trygve/.m2/repository/org/apache/httpcomponents/core5/httpcore5/5.0.1/httpcore5-5.0.1.jar:/home/trygve/.m2/repository/org/apache/httpcomponents/core5/httpcore5-h2/5.0.1/httpcore5-h2-5.0.1.jar:/home/trygve/.m2/repository/org/slf4j/slf4j-api/1.7.25/slf4j-api-1.7.25.jar:/home/trygve/.m2/repository/commons-codec/commons-codec/1.13/commons-codec-1.13.jar:/home/trygve/.m2/repository/org/apache/httpcomponents/client5/httpclient5-cache/5.0.1/httpclient5-cache-5.0.1.jar:/home/trygve/.m2/repository/org/apache/httpcomponents/client5/httpclient5-fluent/5.0.1/httpclient5-fluent-5.0.1.jar:"/>
    <property name="java.vm.vendor" value="Oracle Corporation"/>
    <property name="sun.arch.data.model" value="64"/>
    <property name="java.vendor.url" value="https://java.oracle.com/"/>
    <property name="os.name" value="Linux"/>
    <property name="java.vm.specification.version" value="14"/>
    <property name="sun.java.launcher" value="SUN_STANDARD"/>
    <property name="user.country" value="US"/>
    <property name="sun.boot.library.path" value="/home/trygve/bin/jdk-14.0.1/lib"/>
    <property name="sun.java.command" value="/home/trygve/Development/projects/Run-on-server/Docker_manager/target/surefire/surefirebooter16342177521952135809.jar /home/trygve/Development/projects/Run-on-server/Docker_manager/target/surefire 2020-06-29T16-01-01_043-jvmRun1 surefire11971995225739869668tmp surefire_015621040552198542047tmp"/>
    <property name="jdk.debug" value="release"/>
    <property name="surefire.test.class.path" value="/home/trygve/Development/projects/Run-on-server/Docker_manager/target/test-classes:/home/trygve/Development/projects/Run-on-server/Docker_manager/target/classes:/home/trygve/.m2/repository/junit/junit/4.11/junit-4.11.jar:/home/trygve/.m2/repository/org/hamcrest/hamcrest-core/1.3/hamcrest-core-1.3.jar:/home/trygve/.m2/repository/org/postgresql/postgresql/42.2.14/postgresql-42.2.14.jar:/home/trygve/.m2/repository/org/example/ClientRunner/1.0-SNAPSHOT/ClientRunner-1.0-SNAPSHOT.jar:/home/trygve/.m2/repository/org/json/json/20160212/json-20160212.jar:/home/trygve/.m2/repository/org/apache/httpcomponents/client5/httpclient5/5.0.1/httpclient5-5.0.1.jar:/home/trygve/.m2/repository/org/apache/httpcomponents/core5/httpcore5/5.0.1/httpcore5-5.0.1.jar:/home/trygve/.m2/repository/org/apache/httpcomponents/core5/httpcore5-h2/5.0.1/httpcore5-h2-5.0.1.jar:/home/trygve/.m2/repository/org/slf4j/slf4j-api/1.7.25/slf4j-api-1.7.25.jar:/home/trygve/.m2/repository/commons-codec/commons-codec/1.13/commons-codec-1.13.jar:/home/trygve/.m2/repository/org/apache/httpcomponents/client5/httpclient5-cache/5.0.1/httpclient5-cache-5.0.1.jar:/home/trygve/.m2/repository/org/apache/httpcomponents/client5/httpclient5-fluent/5.0.1/httpclient5-fluent-5.0.1.jar:"/>
    <property name="sun.cpu.endian" value="little"/>
    <property name="user.home" value="/home/trygve"/>
    <property name="user.language" value="en"/>
    <property name="java.specification.vendor" value="Oracle Corporation"/>
    <property name="java.version.date" value="2020-04-14"/>
    <property name="java.home" value="/home/trygve/bin/jdk-14.0.1"/>
    <property name="file.separator" value="/"/>
    <property name="basedir" value="/home/trygve/Development/projects/Run-on-server/Docker_manager"/>
    <property name="java.vm.compressedOopsMode" value="Zero based"/>
    <property name="line.separator" value="&#10;"/>
    <property name="java.vm.specification.vendor" value="Oracle Corporation"/>
    <property name="java.specification.name" value="Java Platform API Specification"/>
    <property name="idea.version2020.1.2" value="true"/>
    <property name="surefire.real.class.path" value="/home/trygve/Development/projects/Run-on-server/Docker_manager/target/surefire/surefirebooter16342177521952135809.jar"/>
    <property name="sun.management.compiler" value="HotSpot 64-Bit Tiered Compilers"/>
    <property name="java.runtime.version" value="14.0.1+7"/>
    <property name="user.name" value="trygve"/>
    <property name="path.separator" value=":"/>
    <property name="os.version" value="5.4.0-39-generic"/>
    <property name="java.runtime.name" value="OpenJDK Runtime Environment"/>
    <property name="file.encoding" value="UTF-8"/>
    <property name="java.vm.name" value="OpenJDK 64-Bit Server VM"/>
    <property name="localRepository" value="/home/trygve/.m2/repository"/>
    <property name="java.vendor.url.bug" value="https://bugreport.java.com/bugreport/"/>
    <property name="java.io.tmpdir" value="/tmp"/>
    <property name="java.version" value="14.0.1"/>
    <property name="user.dir" value="/home/trygve/Development/projects/Run-on-server/Docker_manager"/>
    <property name="os.arch" value="amd64"/>
    <property name="java.vm.specification.name" value="Java Virtual Machine Specification"/>
    <property name="java.library.path" value="/usr/java/packages/lib:/usr/lib64:/lib64:/lib:/usr/lib"/>
    <property name="java.vm.info" value="mixed mode, sharing"/>
    <property name="java.vendor" value="Oracle Corporation"/>
    <property name="java.vm.version" value="14.0.1+7"/>
    <property name="sun.io.unicode.encoding" value="UnicodeLittle"/>
    <property name="java.class.version" value="58.0"/>
  </properties>
  <testcase name="shouldAnswerWithTrue" classname="no.ntnu.AppTest" time="0.001"/>
</testsuite>